{"/Users/bianhui/Documents/Code/super-pulgin/insta-claw-connector/channel.ts": {"path":"/Users/bianhui/Documents/Code/super-pulgin/insta-claw-connector/channel.ts","all":true,"statementMap":{"0":{"start":{"line":1,"column":0},"end":{"line":1,"column":3}},"20":{"start":{"line":21,"column":0},"end":{"line":21,"column":49}},"36":{"start":{"line":37,"column":0},"end":{"line":37,"column":31}},"37":{"start":{"line":38,"column":0},"end":{"line":38,"column":11}},"38":{"start":{"line":39,"column":0},"end":{"line":39,"column":13}},"39":{"start":{"line":40,"column":0},"end":{"line":40,"column":15}},"40":{"start":{"line":41,"column":0},"end":{"line":41,"column":20}},"41":{"start":{"line":42,"column":0},"end":{"line":42,"column":18}},"42":{"start":{"line":43,"column":0},"end":{"line":43,"column":56}},"43":{"start":{"line":44,"column":0},"end":{"line":44,"column":81}},"46":{"start":{"line":47,"column":0},"end":{"line":47,"column":25}},"47":{"start":{"line":48,"column":0},"end":{"line":48,"column":66}},"48":{"start":{"line":49,"column":0},"end":{"line":49,"column":67}},"49":{"start":{"line":50,"column":0},"end":{"line":50,"column":16}},"50":{"start":{"line":51,"column":0},"end":{"line":51,"column":3}},"52":{"start":{"line":53,"column":0},"end":{"line":53,"column":36}},"53":{"start":{"line":54,"column":0},"end":{"line":54,"column":57}},"54":{"start":{"line":55,"column":0},"end":{"line":55,"column":67}},"55":{"start":{"line":56,"column":0},"end":{"line":56,"column":16}},"56":{"start":{"line":57,"column":0},"end":{"line":57,"column":3}},"58":{"start":{"line":59,"column":0},"end":{"line":59,"column":40}},"59":{"start":{"line":60,"column":0},"end":{"line":60,"column":7}},"60":{"start":{"line":61,"column":0},"end":{"line":61,"column":28}},"61":{"start":{"line":62,"column":0},"end":{"line":62,"column":14}},"62":{"start":{"line":63,"column":0},"end":{"line":63,"column":5}},"65":{"start":{"line":66,"column":0},"end":{"line":66,"column":39}},"66":{"start":{"line":67,"column":0},"end":{"line":67,"column":42}},"68":{"start":{"line":69,"column":0},"end":{"line":69,"column":12}},"69":{"start":{"line":70,"column":0},"end":{"line":70,"column":74}},"70":{"start":{"line":71,"column":0},"end":{"line":71,"column":48}},"71":{"start":{"line":72,"column":0},"end":{"line":72,"column":23}},"72":{"start":{"line":73,"column":0},"end":{"line":73,"column":65}},"73":{"start":{"line":74,"column":0},"end":{"line":74,"column":7}},"74":{"start":{"line":75,"column":0},"end":{"line":75,"column":16}},"75":{"start":{"line":76,"column":0},"end":{"line":76,"column":3}},"77":{"start":{"line":78,"column":0},"end":{"line":78,"column":40}},"78":{"start":{"line":79,"column":0},"end":{"line":79,"column":84}},"79":{"start":{"line":80,"column":0},"end":{"line":80,"column":48}},"80":{"start":{"line":81,"column":0},"end":{"line":81,"column":23}},"81":{"start":{"line":82,"column":0},"end":{"line":82,"column":29}},"82":{"start":{"line":83,"column":0},"end":{"line":83,"column":98}},"83":{"start":{"line":84,"column":0},"end":{"line":84,"column":7}},"84":{"start":{"line":85,"column":0},"end":{"line":85,"column":16}},"85":{"start":{"line":86,"column":0},"end":{"line":86,"column":3}},"87":{"start":{"line":88,"column":0},"end":{"line":88,"column":7}},"89":{"start":{"line":90,"column":0},"end":{"line":90,"column":45}},"91":{"start":{"line":92,"column":0},"end":{"line":92,"column":46}},"92":{"start":{"line":93,"column":0},"end":{"line":93,"column":32}},"93":{"start":{"line":94,"column":0},"end":{"line":94,"column":7}},"96":{"start":{"line":97,"column":0},"end":{"line":97,"column":33}},"97":{"start":{"line":98,"column":0},"end":{"line":98,"column":45}},"98":{"start":{"line":99,"column":0},"end":{"line":99,"column":24}},"100":{"start":{"line":101,"column":0},"end":{"line":101,"column":34}},"101":{"start":{"line":102,"column":0},"end":{"line":102,"column":25}},"102":{"start":{"line":103,"column":0},"end":{"line":103,"column":39}},"103":{"start":{"line":104,"column":0},"end":{"line":104,"column":9}},"104":{"start":{"line":105,"column":0},"end":{"line":105,"column":5}},"106":{"start":{"line":107,"column":0},"end":{"line":107,"column":51}},"107":{"start":{"line":108,"column":0},"end":{"line":108,"column":9}},"108":{"start":{"line":109,"column":0},"end":{"line":109,"column":30}},"109":{"start":{"line":110,"column":0},"end":{"line":110,"column":32}},"110":{"start":{"line":111,"column":0},"end":{"line":111,"column":7}},"111":{"start":{"line":112,"column":0},"end":{"line":112,"column":19}},"112":{"start":{"line":113,"column":0},"end":{"line":113,"column":31}},"113":{"start":{"line":114,"column":0},"end":{"line":114,"column":54}},"114":{"start":{"line":115,"column":0},"end":{"line":115,"column":9}},"115":{"start":{"line":116,"column":0},"end":{"line":116,"column":23}},"116":{"start":{"line":117,"column":0},"end":{"line":117,"column":30}},"117":{"start":{"line":118,"column":0},"end":{"line":118,"column":26}},"118":{"start":{"line":119,"column":0},"end":{"line":119,"column":32}},"119":{"start":{"line":120,"column":0},"end":{"line":120,"column":7}},"120":{"start":{"line":121,"column":0},"end":{"line":121,"column":16}},"121":{"start":{"line":122,"column":0},"end":{"line":122,"column":3}},"122":{"start":{"line":123,"column":0},"end":{"line":123,"column":1}},"134":{"start":{"line":135,"column":0},"end":{"line":135,"column":47}},"141":{"start":{"line":142,"column":0},"end":{"line":142,"column":29}},"149":{"start":{"line":150,"column":0},"end":{"line":150,"column":9}},"150":{"start":{"line":151,"column":0},"end":{"line":151,"column":31}},"151":{"start":{"line":152,"column":0},"end":{"line":152,"column":23}},"152":{"start":{"line":153,"column":0},"end":{"line":153,"column":108}},"153":{"start":{"line":154,"column":0},"end":{"line":154,"column":4}},"163":{"start":{"line":164,"column":0},"end":{"line":164,"column":17}},"164":{"start":{"line":165,"column":0},"end":{"line":165,"column":26}},"165":{"start":{"line":166,"column":0},"end":{"line":166,"column":17}},"166":{"start":{"line":167,"column":0},"end":{"line":167,"column":17}},"167":{"start":{"line":168,"column":0},"end":{"line":168,"column":19}},"168":{"start":{"line":169,"column":0},"end":{"line":169,"column":21}},"169":{"start":{"line":170,"column":0},"end":{"line":170,"column":16}},"170":{"start":{"line":171,"column":0},"end":{"line":171,"column":17}},"171":{"start":{"line":172,"column":0},"end":{"line":172,"column":4}},"179":{"start":{"line":180,"column":0},"end":{"line":180,"column":17}},"180":{"start":{"line":181,"column":0},"end":{"line":181,"column":13}},"181":{"start":{"line":182,"column":0},"end":{"line":182,"column":21}},"182":{"start":{"line":183,"column":0},"end":{"line":183,"column":19}},"183":{"start":{"line":184,"column":0},"end":{"line":184,"column":18}},"184":{"start":{"line":185,"column":0},"end":{"line":185,"column":26}},"185":{"start":{"line":186,"column":0},"end":{"line":186,"column":24}},"186":{"start":{"line":187,"column":0},"end":{"line":187,"column":10}},"187":{"start":{"line":188,"column":0},"end":{"line":188,"column":19}},"188":{"start":{"line":189,"column":0},"end":{"line":189,"column":25}},"189":{"start":{"line":190,"column":0},"end":{"line":190,"column":10}},"190":{"start":{"line":191,"column":0},"end":{"line":191,"column":23}},"191":{"start":{"line":192,"column":0},"end":{"line":192,"column":25}},"192":{"start":{"line":193,"column":0},"end":{"line":193,"column":10}},"193":{"start":{"line":194,"column":0},"end":{"line":194,"column":23}},"194":{"start":{"line":195,"column":0},"end":{"line":195,"column":25}},"195":{"start":{"line":196,"column":0},"end":{"line":196,"column":10}},"196":{"start":{"line":197,"column":0},"end":{"line":197,"column":8}},"197":{"start":{"line":198,"column":0},"end":{"line":198,"column":6}},"198":{"start":{"line":199,"column":0},"end":{"line":199,"column":14}},"199":{"start":{"line":200,"column":0},"end":{"line":200,"column":16}},"200":{"start":{"line":201,"column":0},"end":{"line":201,"column":44}},"201":{"start":{"line":202,"column":0},"end":{"line":202,"column":8}},"202":{"start":{"line":203,"column":0},"end":{"line":203,"column":17}},"203":{"start":{"line":204,"column":0},"end":{"line":204,"column":39}},"204":{"start":{"line":205,"column":0},"end":{"line":205,"column":8}},"205":{"start":{"line":206,"column":0},"end":{"line":206,"column":21}},"206":{"start":{"line":207,"column":0},"end":{"line":207,"column":46}},"207":{"start":{"line":208,"column":0},"end":{"line":208,"column":24}},"208":{"start":{"line":209,"column":0},"end":{"line":209,"column":8}},"209":{"start":{"line":210,"column":0},"end":{"line":210,"column":21}},"210":{"start":{"line":211,"column":0},"end":{"line":211,"column":31}},"211":{"start":{"line":212,"column":0},"end":{"line":212,"column":8}},"212":{"start":{"line":213,"column":0},"end":{"line":213,"column":6}},"213":{"start":{"line":214,"column":0},"end":{"line":214,"column":4}},"219":{"start":{"line":220,"column":0},"end":{"line":220,"column":12}},"232":{"start":{"line":233,"column":0},"end":{"line":233,"column":34}},"233":{"start":{"line":234,"column":0},"end":{"line":234,"column":50}},"237":{"start":{"line":238,"column":0},"end":{"line":238,"column":43}},"242":{"start":{"line":243,"column":0},"end":{"line":243,"column":66}},"245":{"start":{"line":246,"column":0},"end":{"line":246,"column":38}},"246":{"start":{"line":247,"column":0},"end":{"line":247,"column":6}},"247":{"start":{"line":248,"column":0},"end":{"line":248,"column":4}},"253":{"start":{"line":254,"column":0},"end":{"line":254,"column":13}},"268":{"start":{"line":269,"column":0},"end":{"line":269,"column":51}},"269":{"start":{"line":270,"column":0},"end":{"line":270,"column":54}},"270":{"start":{"line":271,"column":0},"end":{"line":271,"column":6}},"271":{"start":{"line":272,"column":0},"end":{"line":272,"column":4}},"272":{"start":{"line":273,"column":0},"end":{"line":273,"column":2}},"281":{"start":{"line":282,"column":0},"end":{"line":282,"column":70}},"282":{"start":{"line":283,"column":0},"end":{"line":283,"column":39}},"283":{"start":{"line":284,"column":0},"end":{"line":284,"column":35}},"284":{"start":{"line":285,"column":0},"end":{"line":285,"column":1}},"292":{"start":{"line":293,"column":0},"end":{"line":293,"column":63}},"293":{"start":{"line":294,"column":0},"end":{"line":294,"column":39}},"294":{"start":{"line":295,"column":0},"end":{"line":295,"column":34}},"295":{"start":{"line":296,"column":0},"end":{"line":296,"column":1}}},"s":{"0":0,"20":0,"36":0,"37":0,"38":0,"39":0,"40":0,"41":0,"42":0,"43":0,"46":0,"47":0,"48":0,"49":0,"50":0,"52":0,"53":0,"54":0,"55":0,"56":0,"58":0,"59":0,"60":0,"61":0,"62":0,"65":0,"66":0,"68":0,"69":0,"70":0,"71":0,"72":0,"73":0,"74":0,"75":0,"77":0,"78":0,"79":0,"80":0,"81":0,"82":0,"83":0,"84":0,"85":0,"87":0,"89":0,"91":0,"92":0,"93":0,"96":0,"97":0,"98":0,"100":0,"101":0,"102":0,"103":0,"104":0,"106":0,"107":0,"108":0,"109":0,"110":0,"111":0,"112":0,"113":0,"114":0,"115":0,"116":0,"117":0,"118":0,"119":0,"120":0,"121":0,"122":0,"134":0,"141":0,"149":0,"150":0,"151":0,"152":0,"153":0,"163":0,"164":0,"165":0,"166":0,"167":0,"168":0,"169":0,"170":0,"171":0,"179":0,"180":0,"181":0,"182":0,"183":0,"184":0,"185":0,"186":0,"187":0,"188":0,"189":0,"190":0,"191":0,"192":0,"193":0,"194":0,"195":0,"196":0,"197":0,"198":0,"199":0,"200":0,"201":0,"202":0,"203":0,"204":0,"205":0,"206":0,"207":0,"208":0,"209":0,"210":0,"211":0,"212":0,"213":0,"219":0,"232":0,"233":0,"237":0,"242":0,"245":0,"246":0,"247":0,"253":0,"268":0,"269":0,"270":0,"271":0,"272":0,"281":0,"282":0,"283":0,"284":0,"292":0,"293":0,"294":0,"295":0},"branchMap":{"0":{"type":"branch","line":1,"loc":{"start":{"line":1,"column":8402},"end":{"line":296,"column":1}},"locations":[{"start":{"line":1,"column":8402},"end":{"line":296,"column":1}}]}},"b":{"0":[0]},"fnMap":{"0":{"name":"(empty-report)","decl":{"start":{"line":1,"column":8402},"end":{"line":296,"column":1}},"loc":{"start":{"line":1,"column":8402},"end":{"line":296,"column":1}},"line":1}},"f":{"0":0}}
,"/Users/bianhui/Documents/Code/super-pulgin/insta-claw-connector/config.ts": {"path":"/Users/bianhui/Documents/Code/super-pulgin/insta-claw-connector/config.ts","all":false,"statementMap":{"0":{"start":{"line":1,"column":0},"end":{"line":1,"column":3}},"17":{"start":{"line":18,"column":0},"end":{"line":18,"column":91}},"25":{"start":{"line":26,"column":0},"end":{"line":26,"column":43}},"26":{"start":{"line":27,"column":0},"end":{"line":27,"column":54}},"27":{"start":{"line":28,"column":0},"end":{"line":28,"column":4}},"28":{"start":{"line":29,"column":0},"end":{"line":29,"column":2}},"37":{"start":{"line":38,"column":0},"end":{"line":38,"column":42}},"38":{"start":{"line":39,"column":0},"end":{"line":39,"column":53}},"39":{"start":{"line":40,"column":0},"end":{"line":40,"column":4}},"40":{"start":{"line":41,"column":0},"end":{"line":41,"column":2}},"48":{"start":{"line":49,"column":0},"end":{"line":49,"column":39}},"56":{"start":{"line":57,"column":0},"end":{"line":57,"column":39}},"64":{"start":{"line":65,"column":0},"end":{"line":65,"column":40}},"73":{"start":{"line":74,"column":0},"end":{"line":74,"column":62}},"81":{"start":{"line":82,"column":0},"end":{"line":82,"column":34}}},"s":{"0":1,"17":1,"25":1,"26":1,"27":1,"28":1,"37":1,"38":1,"39":1,"40":1,"48":1,"56":1,"64":1,"73":1,"81":1},"branchMap":{},"b":{},"fnMap":{},"f":{}}
,"/Users/bianhui/Documents/Code/super-pulgin/insta-claw-connector/connection.ts": {"path":"/Users/bianhui/Documents/Code/super-pulgin/insta-claw-connector/connection.ts","all":false,"statementMap":{"0":{"start":{"line":1,"column":0},"end":{"line":1,"column":3}},"33":{"start":{"line":34,"column":0},"end":{"line":34,"column":34}},"35":{"start":{"line":36,"column":0},"end":{"line":36,"column":38}},"38":{"start":{"line":39,"column":0},"end":{"line":39,"column":50}},"41":{"start":{"line":42,"column":0},"end":{"line":42,"column":40}},"44":{"start":{"line":45,"column":0},"end":{"line":45,"column":55}},"47":{"start":{"line":48,"column":0},"end":{"line":48,"column":35}},"50":{"start":{"line":51,"column":0},"end":{"line":51,"column":37}},"53":{"start":{"line":54,"column":0},"end":{"line":54,"column":42}},"63":{"start":{"line":64,"column":0},"end":{"line":64,"column":14}},"64":{"start":{"line":65,"column":0},"end":{"line":65,"column":37}},"65":{"start":{"line":66,"column":0},"end":{"line":66,"column":32}},"66":{"start":{"line":67,"column":0},"end":{"line":67,"column":46}},"67":{"start":{"line":68,"column":0},"end":{"line":68,"column":59}},"68":{"start":{"line":69,"column":0},"end":{"line":69,"column":5}},"69":{"start":{"line":70,"column":0},"end":{"line":70,"column":58}},"70":{"start":{"line":71,"column":0},"end":{"line":71,"column":26}},"71":{"start":{"line":72,"column":0},"end":{"line":72,"column":50}},"72":{"start":{"line":73,"column":0},"end":{"line":73,"column":7}},"73":{"start":{"line":74,"column":0},"end":{"line":74,"column":3}},"87":{"start":{"line":88,"column":0},"end":{"line":88,"column":52}},"89":{"start":{"line":90,"column":0},"end":{"line":90,"column":31}},"90":{"start":{"line":91,"column":0},"end":{"line":91,"column":64}},"91":{"start":{"line":92,"column":0},"end":{"line":92,"column":13}},"92":{"start":{"line":93,"column":0},"end":{"line":93,"column":5}},"94":{"start":{"line":95,"column":0},"end":{"line":95,"column":70}},"95":{"start":{"line":96,"column":0},"end":{"line":96,"column":68}},"96":{"start":{"line":97,"column":0},"end":{"line":97,"column":13}},"97":{"start":{"line":98,"column":0},"end":{"line":98,"column":5}},"99":{"start":{"line":100,"column":0},"end":{"line":100,"column":78}},"100":{"start":{"line":101,"column":0},"end":{"line":101,"column":72}},"101":{"start":{"line":102,"column":0},"end":{"line":102,"column":13}},"102":{"start":{"line":103,"column":0},"end":{"line":103,"column":5}},"105":{"start":{"line":106,"column":0},"end":{"line":106,"column":35}},"106":{"start":{"line":107,"column":0},"end":{"line":107,"column":59}},"107":{"start":{"line":108,"column":0},"end":{"line":108,"column":29}},"108":{"start":{"line":109,"column":0},"end":{"line":109,"column":7}},"110":{"start":{"line":111,"column":0},"end":{"line":111,"column":9}},"112":{"start":{"line":113,"column":0},"end":{"line":113,"column":50}},"113":{"start":{"line":114,"column":0},"end":{"line":114,"column":18}},"114":{"start":{"line":115,"column":0},"end":{"line":115,"column":44}},"115":{"start":{"line":116,"column":0},"end":{"line":116,"column":51}},"116":{"start":{"line":117,"column":0},"end":{"line":117,"column":10}},"117":{"start":{"line":118,"column":0},"end":{"line":118,"column":9}},"120":{"start":{"line":121,"column":0},"end":{"line":121,"column":33}},"123":{"start":{"line":124,"column":0},"end":{"line":124,"column":37}},"126":{"start":{"line":127,"column":0},"end":{"line":127,"column":36}},"127":{"start":{"line":128,"column":0},"end":{"line":128,"column":72}},"130":{"start":{"line":131,"column":0},"end":{"line":131,"column":33}},"133":{"start":{"line":134,"column":0},"end":{"line":134,"column":22}},"134":{"start":{"line":135,"column":0},"end":{"line":135,"column":68}},"135":{"start":{"line":136,"column":0},"end":{"line":136,"column":47}},"136":{"start":{"line":137,"column":0},"end":{"line":137,"column":76}},"137":{"start":{"line":138,"column":0},"end":{"line":138,"column":7}},"140":{"start":{"line":141,"column":0},"end":{"line":141,"column":28}},"141":{"start":{"line":142,"column":0},"end":{"line":142,"column":21}},"142":{"start":{"line":143,"column":0},"end":{"line":143,"column":33}},"143":{"start":{"line":144,"column":0},"end":{"line":144,"column":74}},"144":{"start":{"line":145,"column":0},"end":{"line":145,"column":31}},"145":{"start":{"line":146,"column":0},"end":{"line":146,"column":40}},"146":{"start":{"line":147,"column":0},"end":{"line":147,"column":37}},"147":{"start":{"line":148,"column":0},"end":{"line":148,"column":34}},"148":{"start":{"line":149,"column":0},"end":{"line":149,"column":9}},"151":{"start":{"line":152,"column":0},"end":{"line":152,"column":29}},"152":{"start":{"line":153,"column":0},"end":{"line":153,"column":18}},"153":{"start":{"line":154,"column":0},"end":{"line":154,"column":5}},"154":{"start":{"line":155,"column":0},"end":{"line":155,"column":3}},"162":{"start":{"line":163,"column":0},"end":{"line":163,"column":46}},"163":{"start":{"line":164,"column":0},"end":{"line":164,"column":45}},"164":{"start":{"line":165,"column":0},"end":{"line":165,"column":21}},"165":{"start":{"line":166,"column":0},"end":{"line":166,"column":60}},"166":{"start":{"line":167,"column":0},"end":{"line":167,"column":15}},"167":{"start":{"line":168,"column":0},"end":{"line":168,"column":7}},"169":{"start":{"line":170,"column":0},"end":{"line":170,"column":40}},"170":{"start":{"line":171,"column":0},"end":{"line":171,"column":48}},"171":{"start":{"line":172,"column":0},"end":{"line":172,"column":37}},"173":{"start":{"line":174,"column":0},"end":{"line":174,"column":34}},"174":{"start":{"line":175,"column":0},"end":{"line":175,"column":30}},"175":{"start":{"line":176,"column":0},"end":{"line":176,"column":18}},"176":{"start":{"line":177,"column":0},"end":{"line":177,"column":9}},"178":{"start":{"line":179,"column":0},"end":{"line":179,"column":40}},"179":{"start":{"line":180,"column":0},"end":{"line":180,"column":30}},"180":{"start":{"line":181,"column":0},"end":{"line":181,"column":22}},"181":{"start":{"line":182,"column":0},"end":{"line":182,"column":9}},"182":{"start":{"line":183,"column":0},"end":{"line":183,"column":7}},"183":{"start":{"line":184,"column":0},"end":{"line":184,"column":3}},"190":{"start":{"line":191,"column":0},"end":{"line":191,"column":39}},"191":{"start":{"line":192,"column":0},"end":{"line":192,"column":25}},"194":{"start":{"line":195,"column":0},"end":{"line":195,"column":30}},"195":{"start":{"line":196,"column":0},"end":{"line":196,"column":44}},"196":{"start":{"line":197,"column":0},"end":{"line":197,"column":7}},"199":{"start":{"line":200,"column":0},"end":{"line":200,"column":53}},"200":{"start":{"line":201,"column":0},"end":{"line":201,"column":11}},"201":{"start":{"line":202,"column":0},"end":{"line":202,"column":40}},"202":{"start":{"line":203,"column":0},"end":{"line":203,"column":57}},"203":{"start":{"line":204,"column":0},"end":{"line":204,"column":33}},"204":{"start":{"line":205,"column":0},"end":{"line":205,"column":45}},"205":{"start":{"line":206,"column":0},"end":{"line":206,"column":11}},"206":{"start":{"line":207,"column":0},"end":{"line":207,"column":32}},"207":{"start":{"line":208,"column":0},"end":{"line":208,"column":23}},"208":{"start":{"line":209,"column":0},"end":{"line":209,"column":81}},"209":{"start":{"line":210,"column":0},"end":{"line":210,"column":48}},"210":{"start":{"line":211,"column":0},"end":{"line":211,"column":60}},"211":{"start":{"line":212,"column":0},"end":{"line":212,"column":11}},"212":{"start":{"line":213,"column":0},"end":{"line":213,"column":7}},"213":{"start":{"line":214,"column":0},"end":{"line":214,"column":7}},"216":{"start":{"line":217,"column":0},"end":{"line":217,"column":30}},"217":{"start":{"line":218,"column":0},"end":{"line":218,"column":37}},"218":{"start":{"line":219,"column":0},"end":{"line":219,"column":51}},"219":{"start":{"line":220,"column":0},"end":{"line":220,"column":40}},"220":{"start":{"line":221,"column":0},"end":{"line":221,"column":9}},"221":{"start":{"line":222,"column":0},"end":{"line":222,"column":7}},"224":{"start":{"line":225,"column":0},"end":{"line":225,"column":59}},"225":{"start":{"line":226,"column":0},"end":{"line":226,"column":42}},"226":{"start":{"line":227,"column":0},"end":{"line":227,"column":44}},"227":{"start":{"line":228,"column":0},"end":{"line":228,"column":13}},"228":{"start":{"line":229,"column":0},"end":{"line":229,"column":26}},"229":{"start":{"line":230,"column":0},"end":{"line":230,"column":30}},"230":{"start":{"line":231,"column":0},"end":{"line":231,"column":39}},"231":{"start":{"line":232,"column":0},"end":{"line":232,"column":9}},"234":{"start":{"line":235,"column":0},"end":{"line":235,"column":27}},"237":{"start":{"line":238,"column":0},"end":{"line":238,"column":39}},"240":{"start":{"line":241,"column":0},"end":{"line":241,"column":28}},"241":{"start":{"line":242,"column":0},"end":{"line":242,"column":87}},"242":{"start":{"line":243,"column":0},"end":{"line":243,"column":15}},"243":{"start":{"line":244,"column":0},"end":{"line":244,"column":28}},"244":{"start":{"line":245,"column":0},"end":{"line":245,"column":11}},"245":{"start":{"line":246,"column":0},"end":{"line":246,"column":31}},"246":{"start":{"line":247,"column":0},"end":{"line":247,"column":7}},"247":{"start":{"line":248,"column":0},"end":{"line":248,"column":7}},"250":{"start":{"line":251,"column":0},"end":{"line":251,"column":43}},"251":{"start":{"line":252,"column":0},"end":{"line":252,"column":51}},"252":{"start":{"line":253,"column":0},"end":{"line":253,"column":26}},"253":{"start":{"line":254,"column":0},"end":{"line":254,"column":39}},"254":{"start":{"line":255,"column":0},"end":{"line":255,"column":36}},"255":{"start":{"line":256,"column":0},"end":{"line":256,"column":30}},"256":{"start":{"line":257,"column":0},"end":{"line":257,"column":9}},"257":{"start":{"line":258,"column":0},"end":{"line":258,"column":7}},"258":{"start":{"line":259,"column":0},"end":{"line":259,"column":3}},"267":{"start":{"line":268,"column":0},"end":{"line":268,"column":55}},"268":{"start":{"line":269,"column":0},"end":{"line":269,"column":48}},"271":{"start":{"line":272,"column":0},"end":{"line":272,"column":26}},"274":{"start":{"line":275,"column":0},"end":{"line":275,"column":20}},"275":{"start":{"line":276,"column":0},"end":{"line":276,"column":11}},"276":{"start":{"line":277,"column":0},"end":{"line":277,"column":70}},"277":{"start":{"line":278,"column":0},"end":{"line":278,"column":40}},"278":{"start":{"line":279,"column":0},"end":{"line":279,"column":78}},"279":{"start":{"line":280,"column":0},"end":{"line":280,"column":23}},"280":{"start":{"line":281,"column":0},"end":{"line":281,"column":61}},"281":{"start":{"line":282,"column":0},"end":{"line":282,"column":20}},"282":{"start":{"line":283,"column":0},"end":{"line":283,"column":42}},"283":{"start":{"line":284,"column":0},"end":{"line":284,"column":11}},"284":{"start":{"line":285,"column":0},"end":{"line":285,"column":7}},"285":{"start":{"line":286,"column":0},"end":{"line":286,"column":5}},"288":{"start":{"line":289,"column":0},"end":{"line":289,"column":25}},"291":{"start":{"line":292,"column":0},"end":{"line":292,"column":18}},"293":{"start":{"line":294,"column":0},"end":{"line":294,"column":35}},"296":{"start":{"line":297,"column":0},"end":{"line":297,"column":97}},"297":{"start":{"line":298,"column":0},"end":{"line":298,"column":24}},"298":{"start":{"line":299,"column":0},"end":{"line":299,"column":7}},"300":{"start":{"line":301,"column":0},"end":{"line":301,"column":21}},"301":{"start":{"line":302,"column":0},"end":{"line":302,"column":5}},"304":{"start":{"line":305,"column":0},"end":{"line":305,"column":37}},"306":{"start":{"line":307,"column":0},"end":{"line":307,"column":47}},"307":{"start":{"line":308,"column":0},"end":{"line":308,"column":3}},"323":{"start":{"line":324,"column":0},"end":{"line":324,"column":34}},"325":{"start":{"line":326,"column":0},"end":{"line":326,"column":25}},"328":{"start":{"line":329,"column":0},"end":{"line":329,"column":35}},"330":{"start":{"line":331,"column":0},"end":{"line":331,"column":55}},"331":{"start":{"line":332,"column":0},"end":{"line":332,"column":46}},"332":{"start":{"line":333,"column":0},"end":{"line":333,"column":49}},"333":{"start":{"line":334,"column":0},"end":{"line":334,"column":7}},"336":{"start":{"line":337,"column":0},"end":{"line":337,"column":45}},"337":{"start":{"line":338,"column":0},"end":{"line":338,"column":62}},"338":{"start":{"line":339,"column":0},"end":{"line":339,"column":67}},"339":{"start":{"line":340,"column":0},"end":{"line":340,"column":15}},"340":{"start":{"line":341,"column":0},"end":{"line":341,"column":7}},"343":{"start":{"line":344,"column":0},"end":{"line":344,"column":63}},"344":{"start":{"line":345,"column":0},"end":{"line":345,"column":65}},"346":{"start":{"line":347,"column":0},"end":{"line":347,"column":49}},"347":{"start":{"line":348,"column":0},"end":{"line":348,"column":81}},"348":{"start":{"line":349,"column":0},"end":{"line":349,"column":28}},"349":{"start":{"line":350,"column":0},"end":{"line":350,"column":38}},"350":{"start":{"line":351,"column":0},"end":{"line":351,"column":42}},"351":{"start":{"line":352,"column":0},"end":{"line":352,"column":34}},"352":{"start":{"line":353,"column":0},"end":{"line":353,"column":11}},"355":{"start":{"line":356,"column":0},"end":{"line":356,"column":29}},"356":{"start":{"line":357,"column":0},"end":{"line":357,"column":31}},"357":{"start":{"line":358,"column":0},"end":{"line":358,"column":15}},"358":{"start":{"line":359,"column":0},"end":{"line":359,"column":7}},"361":{"start":{"line":362,"column":0},"end":{"line":362,"column":11}},"362":{"start":{"line":363,"column":0},"end":{"line":363,"column":23}},"363":{"start":{"line":364,"column":0},"end":{"line":364,"column":50}},"364":{"start":{"line":365,"column":0},"end":{"line":365,"column":32}},"365":{"start":{"line":366,"column":0},"end":{"line":366,"column":11}},"366":{"start":{"line":367,"column":0},"end":{"line":367,"column":23}},"367":{"start":{"line":368,"column":0},"end":{"line":368,"column":92}},"368":{"start":{"line":369,"column":0},"end":{"line":369,"column":39}},"369":{"start":{"line":370,"column":0},"end":{"line":370,"column":38}},"370":{"start":{"line":371,"column":0},"end":{"line":371,"column":11}},"372":{"start":{"line":373,"column":0},"end":{"line":373,"column":29}},"373":{"start":{"line":374,"column":0},"end":{"line":374,"column":31}},"374":{"start":{"line":375,"column":0},"end":{"line":375,"column":7}},"375":{"start":{"line":376,"column":0},"end":{"line":376,"column":38}},"377":{"start":{"line":378,"column":0},"end":{"line":378,"column":53}},"378":{"start":{"line":379,"column":0},"end":{"line":379,"column":3}},"385":{"start":{"line":386,"column":0},"end":{"line":386,"column":33}},"386":{"start":{"line":387,"column":0},"end":{"line":387,"column":30}},"387":{"start":{"line":388,"column":0},"end":{"line":388,"column":41}},"388":{"start":{"line":389,"column":0},"end":{"line":389,"column":33}},"389":{"start":{"line":390,"column":0},"end":{"line":390,"column":55}},"390":{"start":{"line":391,"column":0},"end":{"line":391,"column":5}},"391":{"start":{"line":392,"column":0},"end":{"line":392,"column":3}},"407":{"start":{"line":408,"column":0},"end":{"line":408,"column":50}},"409":{"start":{"line":410,"column":0},"end":{"line":410,"column":48}},"410":{"start":{"line":411,"column":0},"end":{"line":411,"column":81}},"411":{"start":{"line":412,"column":0},"end":{"line":412,"column":13}},"412":{"start":{"line":413,"column":0},"end":{"line":413,"column":5}},"415":{"start":{"line":416,"column":0},"end":{"line":416,"column":31}},"416":{"start":{"line":417,"column":0},"end":{"line":417,"column":69}},"417":{"start":{"line":418,"column":0},"end":{"line":418,"column":13}},"418":{"start":{"line":419,"column":0},"end":{"line":419,"column":5}},"421":{"start":{"line":422,"column":0},"end":{"line":422,"column":8}},"422":{"start":{"line":423,"column":0},"end":{"line":423,"column":55}},"423":{"start":{"line":424,"column":0},"end":{"line":424,"column":64}},"424":{"start":{"line":425,"column":0},"end":{"line":425,"column":7}},"425":{"start":{"line":426,"column":0},"end":{"line":426,"column":61}},"426":{"start":{"line":427,"column":0},"end":{"line":427,"column":41}},"427":{"start":{"line":428,"column":0},"end":{"line":428,"column":46}},"428":{"start":{"line":429,"column":0},"end":{"line":429,"column":9}},"429":{"start":{"line":430,"column":0},"end":{"line":430,"column":13}},"430":{"start":{"line":431,"column":0},"end":{"line":431,"column":5}},"432":{"start":{"line":433,"column":0},"end":{"line":433,"column":31}},"433":{"start":{"line":434,"column":0},"end":{"line":434,"column":37}},"436":{"start":{"line":437,"column":0},"end":{"line":437,"column":89}},"437":{"start":{"line":438,"column":0},"end":{"line":438,"column":40}},"438":{"start":{"line":439,"column":0},"end":{"line":439,"column":44}},"440":{"start":{"line":441,"column":0},"end":{"line":441,"column":29}},"442":{"start":{"line":443,"column":0},"end":{"line":443,"column":49}},"443":{"start":{"line":444,"column":0},"end":{"line":444,"column":38}},"444":{"start":{"line":445,"column":0},"end":{"line":445,"column":31}},"445":{"start":{"line":446,"column":0},"end":{"line":446,"column":7}},"448":{"start":{"line":449,"column":0},"end":{"line":449,"column":61}},"451":{"start":{"line":452,"column":0},"end":{"line":452,"column":18}},"452":{"start":{"line":453,"column":0},"end":{"line":453,"column":35}},"453":{"start":{"line":454,"column":0},"end":{"line":454,"column":97}},"454":{"start":{"line":455,"column":0},"end":{"line":455,"column":24}},"455":{"start":{"line":456,"column":0},"end":{"line":456,"column":7}},"456":{"start":{"line":457,"column":0},"end":{"line":457,"column":21}},"457":{"start":{"line":458,"column":0},"end":{"line":458,"column":5}},"459":{"start":{"line":460,"column":0},"end":{"line":460,"column":32}},"462":{"start":{"line":463,"column":0},"end":{"line":463,"column":9}},"463":{"start":{"line":464,"column":0},"end":{"line":464,"column":27}},"464":{"start":{"line":465,"column":0},"end":{"line":465,"column":21}},"465":{"start":{"line":466,"column":0},"end":{"line":466,"column":33}},"466":{"start":{"line":467,"column":0},"end":{"line":467,"column":61}},"467":{"start":{"line":468,"column":0},"end":{"line":468,"column":40}},"468":{"start":{"line":469,"column":0},"end":{"line":469,"column":37}},"469":{"start":{"line":470,"column":0},"end":{"line":470,"column":34}},"470":{"start":{"line":471,"column":0},"end":{"line":471,"column":35}},"471":{"start":{"line":472,"column":0},"end":{"line":472,"column":9}},"473":{"start":{"line":474,"column":0},"end":{"line":474,"column":5}},"474":{"start":{"line":475,"column":0},"end":{"line":475,"column":3}},"488":{"start":{"line":489,"column":0},"end":{"line":489,"column":28}},"489":{"start":{"line":490,"column":0},"end":{"line":490,"column":60}},"490":{"start":{"line":491,"column":0},"end":{"line":491,"column":60}},"491":{"start":{"line":492,"column":0},"end":{"line":492,"column":55}},"492":{"start":{"line":493,"column":0},"end":{"line":493,"column":26}},"493":{"start":{"line":494,"column":0},"end":{"line":494,"column":40}},"494":{"start":{"line":495,"column":0},"end":{"line":495,"column":9}},"495":{"start":{"line":496,"column":0},"end":{"line":496,"column":18}},"496":{"start":{"line":497,"column":0},"end":{"line":497,"column":5}},"498":{"start":{"line":499,"column":0},"end":{"line":499,"column":9}},"499":{"start":{"line":500,"column":0},"end":{"line":500,"column":25}},"500":{"start":{"line":501,"column":0},"end":{"line":501,"column":51}},"501":{"start":{"line":502,"column":0},"end":{"line":502,"column":28}},"502":{"start":{"line":503,"column":0},"end":{"line":503,"column":40}},"503":{"start":{"line":504,"column":0},"end":{"line":504,"column":9}},"504":{"start":{"line":505,"column":0},"end":{"line":505,"column":21}},"505":{"start":{"line":506,"column":0},"end":{"line":506,"column":33}},"506":{"start":{"line":507,"column":0},"end":{"line":507,"column":66}},"507":{"start":{"line":508,"column":0},"end":{"line":508,"column":32}},"508":{"start":{"line":509,"column":0},"end":{"line":509,"column":37}},"509":{"start":{"line":510,"column":0},"end":{"line":510,"column":36}},"510":{"start":{"line":511,"column":0},"end":{"line":511,"column":37}},"511":{"start":{"line":512,"column":0},"end":{"line":512,"column":9}},"512":{"start":{"line":513,"column":0},"end":{"line":513,"column":18}},"513":{"start":{"line":514,"column":0},"end":{"line":514,"column":5}},"514":{"start":{"line":515,"column":0},"end":{"line":515,"column":3}},"526":{"start":{"line":527,"column":0},"end":{"line":527,"column":56}},"527":{"start":{"line":528,"column":0},"end":{"line":528,"column":34}},"528":{"start":{"line":529,"column":0},"end":{"line":529,"column":34}},"529":{"start":{"line":530,"column":0},"end":{"line":530,"column":28}},"531":{"start":{"line":532,"column":0},"end":{"line":532,"column":52}},"532":{"start":{"line":533,"column":0},"end":{"line":533,"column":23}},"533":{"start":{"line":534,"column":0},"end":{"line":534,"column":21}},"534":{"start":{"line":535,"column":0},"end":{"line":535,"column":9}},"537":{"start":{"line":538,"column":0},"end":{"line":538,"column":35}},"538":{"start":{"line":539,"column":0},"end":{"line":539,"column":5}},"539":{"start":{"line":540,"column":0},"end":{"line":540,"column":3}},"546":{"start":{"line":547,"column":0},"end":{"line":547,"column":31}},"547":{"start":{"line":548,"column":0},"end":{"line":548,"column":22}},"548":{"start":{"line":549,"column":0},"end":{"line":549,"column":3}},"555":{"start":{"line":556,"column":0},"end":{"line":556,"column":26}},"556":{"start":{"line":557,"column":0},"end":{"line":557,"column":80}},"557":{"start":{"line":558,"column":0},"end":{"line":558,"column":3}},"558":{"start":{"line":559,"column":0},"end":{"line":559,"column":1}},"582":{"start":{"line":583,"column":0},"end":{"line":583,"column":47}},"583":{"start":{"line":584,"column":0},"end":{"line":584,"column":11}},"584":{"start":{"line":585,"column":0},"end":{"line":585,"column":20}},"585":{"start":{"line":586,"column":0},"end":{"line":586,"column":26}},"586":{"start":{"line":587,"column":0},"end":{"line":587,"column":18}},"588":{"start":{"line":589,"column":0},"end":{"line":589,"column":58}},"589":{"start":{"line":590,"column":0},"end":{"line":590,"column":54}},"590":{"start":{"line":591,"column":0},"end":{"line":591,"column":69}},"593":{"start":{"line":594,"column":0},"end":{"line":594,"column":56}},"596":{"start":{"line":597,"column":0},"end":{"line":597,"column":25}},"597":{"start":{"line":598,"column":0},"end":{"line":598,"column":83}},"598":{"start":{"line":599,"column":0},"end":{"line":599,"column":16}},"599":{"start":{"line":600,"column":0},"end":{"line":600,"column":3}},"601":{"start":{"line":602,"column":0},"end":{"line":602,"column":58}},"602":{"start":{"line":603,"column":0},"end":{"line":603,"column":103}},"603":{"start":{"line":604,"column":0},"end":{"line":604,"column":16}},"604":{"start":{"line":605,"column":0},"end":{"line":605,"column":3}},"606":{"start":{"line":607,"column":0},"end":{"line":607,"column":66}},"607":{"start":{"line":608,"column":0},"end":{"line":608,"column":107}},"608":{"start":{"line":609,"column":0},"end":{"line":609,"column":16}},"609":{"start":{"line":610,"column":0},"end":{"line":610,"column":3}},"612":{"start":{"line":613,"column":0},"end":{"line":613,"column":84}},"614":{"start":{"line":615,"column":0},"end":{"line":615,"column":54}},"615":{"start":{"line":616,"column":0},"end":{"line":616,"column":14}},"616":{"start":{"line":617,"column":0},"end":{"line":617,"column":18}},"617":{"start":{"line":618,"column":0},"end":{"line":618,"column":5}},"620":{"start":{"line":621,"column":0},"end":{"line":621,"column":54}},"626":{"start":{"line":627,"column":0},"end":{"line":627,"column":67}},"627":{"start":{"line":628,"column":0},"end":{"line":628,"column":9}},"629":{"start":{"line":630,"column":0},"end":{"line":630,"column":46}},"631":{"start":{"line":632,"column":0},"end":{"line":632,"column":53}},"632":{"start":{"line":633,"column":0},"end":{"line":633,"column":25}},"633":{"start":{"line":634,"column":0},"end":{"line":634,"column":39}},"634":{"start":{"line":635,"column":0},"end":{"line":635,"column":33}},"635":{"start":{"line":636,"column":0},"end":{"line":636,"column":9}},"638":{"start":{"line":639,"column":0},"end":{"line":639,"column":27}},"639":{"start":{"line":640,"column":0},"end":{"line":640,"column":38}},"641":{"start":{"line":642,"column":0},"end":{"line":642,"column":50}},"642":{"start":{"line":643,"column":0},"end":{"line":643,"column":34}},"643":{"start":{"line":644,"column":0},"end":{"line":644,"column":34}},"644":{"start":{"line":645,"column":0},"end":{"line":645,"column":22}},"645":{"start":{"line":646,"column":0},"end":{"line":646,"column":34}},"646":{"start":{"line":647,"column":0},"end":{"line":647,"column":13}},"647":{"start":{"line":648,"column":0},"end":{"line":648,"column":85}},"648":{"start":{"line":649,"column":0},"end":{"line":649,"column":16}},"649":{"start":{"line":650,"column":0},"end":{"line":650,"column":9}},"651":{"start":{"line":652,"column":0},"end":{"line":652,"column":44}},"653":{"start":{"line":654,"column":0},"end":{"line":654,"column":58}},"654":{"start":{"line":655,"column":0},"end":{"line":655,"column":70}},"655":{"start":{"line":656,"column":0},"end":{"line":656,"column":25}},"656":{"start":{"line":657,"column":0},"end":{"line":657,"column":48}},"657":{"start":{"line":658,"column":0},"end":{"line":658,"column":52}},"658":{"start":{"line":659,"column":0},"end":{"line":659,"column":49}},"659":{"start":{"line":660,"column":0},"end":{"line":660,"column":41}},"660":{"start":{"line":661,"column":0},"end":{"line":661,"column":15}},"661":{"start":{"line":662,"column":0},"end":{"line":662,"column":18}},"662":{"start":{"line":663,"column":0},"end":{"line":663,"column":76}},"663":{"start":{"line":664,"column":0},"end":{"line":664,"column":49}},"664":{"start":{"line":665,"column":0},"end":{"line":665,"column":41}},"665":{"start":{"line":666,"column":0},"end":{"line":666,"column":43}},"666":{"start":{"line":667,"column":0},"end":{"line":667,"column":56}},"667":{"start":{"line":668,"column":0},"end":{"line":668,"column":15}},"668":{"start":{"line":669,"column":0},"end":{"line":669,"column":11}},"669":{"start":{"line":670,"column":0},"end":{"line":670,"column":16}},"670":{"start":{"line":671,"column":0},"end":{"line":671,"column":9}},"672":{"start":{"line":673,"column":0},"end":{"line":673,"column":44}},"674":{"start":{"line":675,"column":0},"end":{"line":675,"column":59}},"675":{"start":{"line":676,"column":0},"end":{"line":676,"column":71}},"676":{"start":{"line":677,"column":0},"end":{"line":677,"column":25}},"677":{"start":{"line":678,"column":0},"end":{"line":678,"column":79}},"678":{"start":{"line":679,"column":0},"end":{"line":679,"column":72}},"679":{"start":{"line":680,"column":0},"end":{"line":680,"column":38}},"680":{"start":{"line":681,"column":0},"end":{"line":681,"column":56}},"681":{"start":{"line":682,"column":0},"end":{"line":682,"column":54}},"682":{"start":{"line":683,"column":0},"end":{"line":683,"column":52}},"683":{"start":{"line":684,"column":0},"end":{"line":684,"column":44}},"684":{"start":{"line":685,"column":0},"end":{"line":685,"column":59}},"685":{"start":{"line":686,"column":0},"end":{"line":686,"column":17}},"686":{"start":{"line":687,"column":0},"end":{"line":687,"column":20}},"687":{"start":{"line":688,"column":0},"end":{"line":688,"column":79}},"688":{"start":{"line":689,"column":0},"end":{"line":689,"column":52}},"689":{"start":{"line":690,"column":0},"end":{"line":690,"column":44}},"690":{"start":{"line":691,"column":0},"end":{"line":691,"column":56}},"691":{"start":{"line":692,"column":0},"end":{"line":692,"column":34}},"692":{"start":{"line":693,"column":0},"end":{"line":693,"column":48}},"693":{"start":{"line":694,"column":0},"end":{"line":694,"column":50}},"694":{"start":{"line":695,"column":0},"end":{"line":695,"column":17}},"695":{"start":{"line":696,"column":0},"end":{"line":696,"column":13}},"696":{"start":{"line":697,"column":0},"end":{"line":697,"column":18}},"697":{"start":{"line":698,"column":0},"end":{"line":698,"column":76}},"698":{"start":{"line":699,"column":0},"end":{"line":699,"column":50}},"699":{"start":{"line":700,"column":0},"end":{"line":700,"column":42}},"700":{"start":{"line":701,"column":0},"end":{"line":701,"column":56}},"701":{"start":{"line":702,"column":0},"end":{"line":702,"column":15}},"702":{"start":{"line":703,"column":0},"end":{"line":703,"column":11}},"703":{"start":{"line":704,"column":0},"end":{"line":704,"column":16}},"704":{"start":{"line":705,"column":0},"end":{"line":705,"column":9}},"706":{"start":{"line":707,"column":0},"end":{"line":707,"column":36}},"708":{"start":{"line":709,"column":0},"end":{"line":709,"column":66}},"709":{"start":{"line":710,"column":0},"end":{"line":710,"column":25}},"710":{"start":{"line":711,"column":0},"end":{"line":711,"column":42}},"713":{"start":{"line":714,"column":0},"end":{"line":714,"column":43}},"714":{"start":{"line":715,"column":0},"end":{"line":715,"column":44}},"715":{"start":{"line":716,"column":0},"end":{"line":716,"column":37}},"716":{"start":{"line":717,"column":0},"end":{"line":717,"column":24}},"718":{"start":{"line":719,"column":0},"end":{"line":719,"column":47}},"719":{"start":{"line":720,"column":0},"end":{"line":720,"column":45}},"720":{"start":{"line":721,"column":0},"end":{"line":721,"column":43}},"721":{"start":{"line":722,"column":0},"end":{"line":722,"column":49}},"722":{"start":{"line":723,"column":0},"end":{"line":723,"column":15}},"727":{"start":{"line":728,"column":0},"end":{"line":728,"column":51}},"728":{"start":{"line":729,"column":0},"end":{"line":729,"column":45}},"729":{"start":{"line":730,"column":0},"end":{"line":730,"column":86}},"730":{"start":{"line":731,"column":0},"end":{"line":731,"column":15}},"733":{"start":{"line":734,"column":0},"end":{"line":734,"column":54}},"734":{"start":{"line":735,"column":0},"end":{"line":735,"column":18}},"735":{"start":{"line":736,"column":0},"end":{"line":736,"column":68}},"736":{"start":{"line":737,"column":0},"end":{"line":737,"column":45}},"737":{"start":{"line":738,"column":0},"end":{"line":738,"column":39}},"738":{"start":{"line":739,"column":0},"end":{"line":739,"column":56}},"739":{"start":{"line":740,"column":0},"end":{"line":740,"column":15}},"740":{"start":{"line":741,"column":0},"end":{"line":741,"column":11}},"741":{"start":{"line":742,"column":0},"end":{"line":742,"column":16}},"742":{"start":{"line":743,"column":0},"end":{"line":743,"column":9}},"744":{"start":{"line":745,"column":0},"end":{"line":745,"column":33}},"746":{"start":{"line":747,"column":0},"end":{"line":747,"column":59}},"747":{"start":{"line":748,"column":0},"end":{"line":748,"column":72}},"748":{"start":{"line":749,"column":0},"end":{"line":749,"column":25}},"749":{"start":{"line":750,"column":0},"end":{"line":750,"column":39}},"750":{"start":{"line":751,"column":0},"end":{"line":751,"column":56}},"751":{"start":{"line":752,"column":0},"end":{"line":752,"column":51}},"752":{"start":{"line":753,"column":0},"end":{"line":753,"column":49}},"753":{"start":{"line":754,"column":0},"end":{"line":754,"column":55}},"754":{"start":{"line":755,"column":0},"end":{"line":755,"column":49}},"755":{"start":{"line":756,"column":0},"end":{"line":756,"column":15}},"758":{"start":{"line":759,"column":0},"end":{"line":759,"column":60}},"759":{"start":{"line":760,"column":0},"end":{"line":760,"column":18}},"760":{"start":{"line":761,"column":0},"end":{"line":761,"column":65}},"761":{"start":{"line":762,"column":0},"end":{"line":762,"column":51}},"762":{"start":{"line":763,"column":0},"end":{"line":763,"column":49}},"763":{"start":{"line":764,"column":0},"end":{"line":764,"column":55}},"764":{"start":{"line":765,"column":0},"end":{"line":765,"column":56}},"765":{"start":{"line":766,"column":0},"end":{"line":766,"column":15}},"766":{"start":{"line":767,"column":0},"end":{"line":767,"column":11}},"767":{"start":{"line":768,"column":0},"end":{"line":768,"column":16}},"768":{"start":{"line":769,"column":0},"end":{"line":769,"column":9}},"770":{"start":{"line":771,"column":0},"end":{"line":771,"column":16}},"771":{"start":{"line":772,"column":0},"end":{"line":772,"column":54}},"772":{"start":{"line":773,"column":0},"end":{"line":773,"column":38}},"773":{"start":{"line":774,"column":0},"end":{"line":774,"column":52}},"774":{"start":{"line":775,"column":0},"end":{"line":775,"column":46}},"775":{"start":{"line":776,"column":0},"end":{"line":776,"column":42}},"776":{"start":{"line":777,"column":0},"end":{"line":777,"column":13}},"777":{"start":{"line":778,"column":0},"end":{"line":778,"column":7}},"778":{"start":{"line":779,"column":0},"end":{"line":779,"column":21}},"779":{"start":{"line":780,"column":0},"end":{"line":780,"column":33}},"780":{"start":{"line":781,"column":0},"end":{"line":781,"column":54}},"781":{"start":{"line":782,"column":0},"end":{"line":782,"column":54}},"782":{"start":{"line":783,"column":0},"end":{"line":783,"column":42}},"783":{"start":{"line":784,"column":0},"end":{"line":784,"column":29}},"784":{"start":{"line":785,"column":0},"end":{"line":785,"column":35}},"785":{"start":{"line":786,"column":0},"end":{"line":786,"column":9}},"786":{"start":{"line":787,"column":0},"end":{"line":787,"column":5}},"787":{"start":{"line":788,"column":0},"end":{"line":788,"column":3}},"793":{"start":{"line":794,"column":0},"end":{"line":794,"column":60}},"794":{"start":{"line":795,"column":0},"end":{"line":795,"column":55}},"795":{"start":{"line":796,"column":0},"end":{"line":796,"column":3}},"798":{"start":{"line":799,"column":0},"end":{"line":799,"column":46}},"799":{"start":{"line":800,"column":0},"end":{"line":800,"column":18}},"800":{"start":{"line":801,"column":0},"end":{"line":801,"column":30}},"801":{"start":{"line":802,"column":0},"end":{"line":802,"column":38}},"802":{"start":{"line":803,"column":0},"end":{"line":803,"column":28}},"803":{"start":{"line":804,"column":0},"end":{"line":804,"column":42}},"804":{"start":{"line":805,"column":0},"end":{"line":805,"column":53}},"805":{"start":{"line":806,"column":0},"end":{"line":806,"column":4}},"808":{"start":{"line":809,"column":0},"end":{"line":809,"column":45}},"809":{"start":{"line":810,"column":0},"end":{"line":810,"column":21}},"810":{"start":{"line":811,"column":0},"end":{"line":811,"column":11}},"811":{"start":{"line":812,"column":0},"end":{"line":812,"column":18}},"812":{"start":{"line":813,"column":0},"end":{"line":813,"column":21}},"813":{"start":{"line":814,"column":0},"end":{"line":814,"column":4}},"816":{"start":{"line":817,"column":0},"end":{"line":817,"column":36}},"817":{"start":{"line":818,"column":0},"end":{"line":818,"column":59}},"818":{"start":{"line":819,"column":0},"end":{"line":819,"column":43}},"819":{"start":{"line":820,"column":0},"end":{"line":820,"column":28}},"820":{"start":{"line":821,"column":0},"end":{"line":821,"column":44}},"821":{"start":{"line":822,"column":0},"end":{"line":822,"column":4}},"823":{"start":{"line":824,"column":0},"end":{"line":824,"column":28}},"824":{"start":{"line":825,"column":0},"end":{"line":825,"column":25}},"825":{"start":{"line":826,"column":0},"end":{"line":826,"column":11}},"826":{"start":{"line":827,"column":0},"end":{"line":827,"column":3}},"828":{"start":{"line":829,"column":0},"end":{"line":829,"column":70}},"831":{"start":{"line":832,"column":0},"end":{"line":832,"column":7}},"832":{"start":{"line":833,"column":0},"end":{"line":833,"column":40}},"835":{"start":{"line":836,"column":0},"end":{"line":836,"column":43}},"836":{"start":{"line":837,"column":0},"end":{"line":837,"column":51}},"837":{"start":{"line":838,"column":0},"end":{"line":838,"column":18}},"838":{"start":{"line":839,"column":0},"end":{"line":839,"column":25}},"839":{"start":{"line":840,"column":0},"end":{"line":840,"column":7}},"840":{"start":{"line":841,"column":0},"end":{"line":841,"column":19}},"841":{"start":{"line":842,"column":0},"end":{"line":842,"column":69}},"842":{"start":{"line":843,"column":0},"end":{"line":843,"column":16}},"843":{"start":{"line":844,"column":0},"end":{"line":844,"column":3}},"844":{"start":{"line":845,"column":0},"end":{"line":845,"column":1}}},"s":{"0":1,"33":1,"35":9,"38":9,"41":9,"44":9,"47":9,"50":9,"53":9,"63":9,"64":9,"65":9,"66":9,"67":9,"68":9,"69":9,"70":9,"71":9,"72":9,"73":9,"87":9,"89":3,"90":1,"91":1,"92":1,"94":3,"95":1,"96":1,"97":1,"99":3,"100":1,"101":1,"102":1,"105":0,"106":0,"107":0,"108":0,"110":0,"112":0,"113":0,"114":0,"115":0,"116":0,"117":0,"120":0,"123":0,"126":0,"127":0,"130":0,"133":0,"134":0,"135":0,"136":0,"137":0,"140":0,"141":0,"142":0,"143":0,"144":0,"145":0,"146":0,"147":0,"148":0,"151":0,"152":0,"153":0,"154":3,"162":9,"163":0,"164":0,"165":0,"166":0,"167":0,"169":0,"170":0,"171":0,"173":0,"174":0,"175":0,"176":0,"178":0,"179":0,"180":0,"181":0,"182":0,"183":0,"190":9,"191":0,"194":0,"195":0,"196":0,"199":0,"200":0,"201":0,"202":0,"203":0,"204":0,"205":0,"206":0,"207":0,"208":0,"209":0,"210":0,"211":0,"212":0,"213":0,"216":0,"217":0,"218":0,"219":0,"220":0,"221":0,"224":0,"225":0,"226":0,"227":0,"228":0,"229":0,"230":0,"231":0,"234":0,"237":0,"240":0,"241":0,"242":0,"243":0,"244":0,"245":0,"246":0,"247":0,"250":0,"251":0,"252":0,"253":0,"254":0,"255":0,"256":0,"257":0,"258":0,"267":9,"268":0,"271":0,"274":0,"275":0,"276":0,"277":0,"278":0,"279":0,"280":0,"281":0,"282":0,"283":0,"284":0,"285":0,"288":0,"291":0,"293":0,"296":0,"297":0,"298":0,"300":0,"301":0,"304":0,"306":0,"307":0,"323":9,"325":0,"328":0,"330":0,"331":0,"332":0,"333":0,"336":0,"337":0,"338":0,"339":0,"340":0,"343":0,"344":0,"346":0,"347":0,"348":0,"349":0,"350":0,"351":0,"352":0,"355":0,"356":0,"357":0,"358":0,"361":0,"362":0,"363":0,"364":0,"365":0,"366":0,"367":0,"368":0,"369":0,"370":0,"372":0,"373":0,"374":0,"375":0,"377":0,"378":0,"385":9,"386":0,"387":0,"388":0,"389":0,"390":0,"391":0,"407":9,"409":0,"410":0,"411":0,"412":0,"415":0,"416":0,"417":0,"418":0,"421":0,"422":0,"423":0,"424":0,"425":0,"426":0,"427":0,"428":0,"429":0,"430":0,"432":0,"433":0,"436":0,"437":0,"438":0,"440":0,"442":0,"443":0,"444":0,"445":0,"448":0,"451":0,"452":0,"453":0,"454":0,"455":0,"456":0,"457":0,"459":0,"462":0,"463":0,"464":0,"465":0,"466":0,"467":0,"468":0,"469":0,"470":0,"471":0,"473":0,"474":0,"488":9,"489":0,"490":0,"491":0,"492":0,"493":0,"494":0,"495":0,"496":0,"498":0,"499":0,"500":0,"501":0,"502":0,"503":0,"504":0,"505":0,"506":0,"507":0,"508":0,"509":0,"510":0,"511":0,"512":0,"513":0,"514":0,"526":9,"527":0,"528":0,"529":0,"531":0,"532":0,"533":0,"534":0,"537":0,"538":0,"539":0,"546":9,"547":5,"548":5,"555":9,"556":2,"557":2,"558":9,"582":0,"583":0,"584":0,"585":0,"586":0,"588":0,"589":0,"590":0,"593":0,"596":0,"597":0,"598":0,"599":0,"601":0,"602":0,"603":0,"604":0,"606":0,"607":0,"608":0,"609":0,"612":0,"614":0,"615":0,"616":0,"617":0,"620":0,"626":0,"627":0,"629":0,"631":0,"632":0,"633":0,"634":0,"635":0,"638":0,"639":0,"641":0,"642":0,"643":0,"644":0,"645":0,"646":0,"647":0,"648":0,"649":0,"651":0,"653":0,"654":0,"655":0,"656":0,"657":0,"658":0,"659":0,"660":0,"661":0,"662":0,"663":0,"664":0,"665":0,"666":0,"667":0,"668":0,"669":0,"670":0,"672":0,"674":0,"675":0,"676":0,"677":0,"678":0,"679":0,"680":0,"681":0,"682":0,"683":0,"684":0,"685":0,"686":0,"687":0,"688":0,"689":0,"690":0,"691":0,"692":0,"693":0,"694":0,"695":0,"696":0,"697":0,"698":0,"699":0,"700":0,"701":0,"702":0,"703":0,"704":0,"706":0,"708":0,"709":0,"710":0,"713":0,"714":0,"715":0,"716":0,"718":0,"719":0,"720":0,"721":0,"722":0,"727":0,"728":0,"729":0,"730":0,"733":0,"734":0,"735":0,"736":0,"737":0,"738":0,"739":0,"740":0,"741":0,"742":0,"744":0,"746":0,"747":0,"748":0,"749":0,"750":0,"751":0,"752":0,"753":0,"754":0,"755":0,"758":0,"759":0,"760":0,"761":0,"762":0,"763":0,"764":0,"765":0,"766":0,"767":0,"768":0,"770":0,"771":0,"772":0,"773":0,"774":0,"775":0,"776":0,"777":0,"778":0,"779":0,"780":0,"781":0,"782":0,"783":0,"784":0,"785":0,"786":0,"787":0,"793":0,"794":0,"795":0,"798":0,"799":0,"800":0,"801":0,"802":0,"803":0,"804":0,"805":0,"808":0,"809":0,"810":0,"811":0,"812":0,"813":0,"816":0,"817":0,"818":0,"819":0,"820":0,"821":0,"823":0,"824":0,"825":0,"826":0,"828":0,"831":0,"832":0,"835":0,"836":0,"837":0,"838":0,"839":0,"840":0,"841":0,"842":0,"843":0,"844":0},"branchMap":{"0":{"type":"branch","line":34,"loc":{"start":{"line":34,"column":33},"end":{"line":559,"column":1}},"locations":[{"start":{"line":34,"column":33},"end":{"line":559,"column":1}}]},"1":{"type":"branch","line":64,"loc":{"start":{"line":64,"column":2},"end":{"line":74,"column":3}},"locations":[{"start":{"line":64,"column":2},"end":{"line":74,"column":3}}]},"2":{"type":"branch","line":88,"loc":{"start":{"line":88,"column":2},"end":{"line":155,"column":3}},"locations":[{"start":{"line":88,"column":2},"end":{"line":155,"column":3}}]},"3":{"type":"branch","line":90,"loc":{"start":{"line":90,"column":30},"end":{"line":93,"column":5}},"locations":[{"start":{"line":90,"column":30},"end":{"line":93,"column":5}}]},"4":{"type":"branch","line":93,"loc":{"start":{"line":93,"column":4},"end":{"line":95,"column":33}},"locations":[{"start":{"line":93,"column":4},"end":{"line":95,"column":33}}]},"5":{"type":"branch","line":95,"loc":{"start":{"line":95,"column":21},"end":{"line":95,"column":69}},"locations":[{"start":{"line":95,"column":21},"end":{"line":95,"column":69}}]},"6":{"type":"branch","line":95,"loc":{"start":{"line":95,"column":69},"end":{"line":100,"column":37}},"locations":[{"start":{"line":95,"column":69},"end":{"line":100,"column":37}}]},"7":{"type":"branch","line":100,"loc":{"start":{"line":100,"column":21},"end":{"line":100,"column":77}},"locations":[{"start":{"line":100,"column":21},"end":{"line":100,"column":77}}]},"8":{"type":"branch","line":100,"loc":{"start":{"line":100,"column":77},"end":{"line":103,"column":5}},"locations":[{"start":{"line":100,"column":77},"end":{"line":103,"column":5}}]},"9":{"type":"branch","line":103,"loc":{"start":{"line":103,"column":4},"end":{"line":154,"column":5}},"locations":[{"start":{"line":103,"column":4},"end":{"line":154,"column":5}}]},"10":{"type":"branch","line":547,"loc":{"start":{"line":547,"column":2},"end":{"line":549,"column":3}},"locations":[{"start":{"line":547,"column":2},"end":{"line":549,"column":3}}]},"11":{"type":"branch","line":556,"loc":{"start":{"line":556,"column":2},"end":{"line":558,"column":3}},"locations":[{"start":{"line":556,"column":2},"end":{"line":558,"column":3}}]},"12":{"type":"branch","line":557,"loc":{"start":{"line":557,"column":26},"end":{"line":557,"column":80}},"locations":[{"start":{"line":557,"column":26},"end":{"line":557,"column":80}}]}},"b":{"0":[9],"1":[9],"2":[3],"3":[1],"4":[2],"5":[1],"6":[1],"7":[0],"8":[1],"9":[0],"10":[5],"11":[2],"12":[0]},"fnMap":{"0":{"name":"<instance_members_initializer>","decl":{"start":{"line":34,"column":33},"end":{"line":559,"column":1}},"loc":{"start":{"line":34,"column":33},"end":{"line":559,"column":1}},"line":34},"1":{"name":"WebSocketConnection","decl":{"start":{"line":64,"column":2},"end":{"line":74,"column":3}},"loc":{"start":{"line":64,"column":2},"end":{"line":74,"column":3}},"line":64},"2":{"name":"connect","decl":{"start":{"line":88,"column":2},"end":{"line":155,"column":3}},"loc":{"start":{"line":88,"column":2},"end":{"line":155,"column":3}},"line":88},"3":{"name":"waitForConnection","decl":{"start":{"line":163,"column":10},"end":{"line":184,"column":3}},"loc":{"start":{"line":163,"column":10},"end":{"line":184,"column":3}},"line":163},"4":{"name":"setupEventListeners","decl":{"start":{"line":191,"column":10},"end":{"line":259,"column":3}},"loc":{"start":{"line":191,"column":10},"end":{"line":259,"column":3}},"line":191},"5":{"name":"disconnect","decl":{"start":{"line":268,"column":2},"end":{"line":308,"column":3}},"loc":{"start":{"line":268,"column":2},"end":{"line":308,"column":3}},"line":268},"6":{"name":"startHeartbeat","decl":{"start":{"line":324,"column":10},"end":{"line":379,"column":3}},"loc":{"start":{"line":324,"column":10},"end":{"line":379,"column":3}},"line":324},"7":{"name":"stopHeartbeat","decl":{"start":{"line":386,"column":10},"end":{"line":392,"column":3}},"loc":{"start":{"line":386,"column":10},"end":{"line":392,"column":3}},"line":386},"8":{"name":"handleReconnect","decl":{"start":{"line":408,"column":2},"end":{"line":475,"column":3}},"loc":{"start":{"line":408,"column":2},"end":{"line":475,"column":3}},"line":408},"9":{"name":"send","decl":{"start":{"line":489,"column":2},"end":{"line":515,"column":3}},"loc":{"start":{"line":489,"column":2},"end":{"line":515,"column":3}},"line":489},"10":{"name":"updateState","decl":{"start":{"line":527,"column":10},"end":{"line":540,"column":3}},"loc":{"start":{"line":527,"column":10},"end":{"line":540,"column":3}},"line":527},"11":{"name":"getState","decl":{"start":{"line":547,"column":2},"end":{"line":549,"column":3}},"loc":{"start":{"line":547,"column":2},"end":{"line":549,"column":3}},"line":547},"12":{"name":"isConnected","decl":{"start":{"line":556,"column":2},"end":{"line":558,"column":3}},"loc":{"start":{"line":556,"column":2},"end":{"line":558,"column":3}},"line":556},"13":{"name":"monitorInstaClawProvider","decl":{"start":{"line":583,"column":0},"end":{"line":845,"column":1}},"loc":{"start":{"line":583,"column":0},"end":{"line":845,"column":1}},"line":583}},"f":{"0":9,"1":9,"2":3,"3":0,"4":0,"5":0,"6":0,"7":0,"8":0,"9":0,"10":0,"11":5,"12":2,"13":0}}
,"/Users/bianhui/Documents/Code/super-pulgin/insta-claw-connector/index.ts": {"path":"/Users/bianhui/Documents/Code/super-pulgin/insta-claw-connector/index.ts","all":true,"statementMap":{"0":{"start":{"line":1,"column":0},"end":{"line":1,"column":3}},"23":{"start":{"line":24,"column":0},"end":{"line":24,"column":64}},"25":{"start":{"line":26,"column":0},"end":{"line":26,"column":51}},"27":{"start":{"line":28,"column":0},"end":{"line":28,"column":69}},"28":{"start":{"line":29,"column":0},"end":{"line":29,"column":1}}},"s":{"0":0,"23":0,"25":0,"27":0,"28":0},"branchMap":{"0":{"type":"branch","line":1,"loc":{"start":{"line":1,"column":939},"end":{"line":29,"column":1}},"locations":[{"start":{"line":1,"column":939},"end":{"line":29,"column":1}}]}},"b":{"0":[0]},"fnMap":{"0":{"name":"(empty-report)","decl":{"start":{"line":1,"column":939},"end":{"line":29,"column":1}},"loc":{"start":{"line":1,"column":939},"end":{"line":29,"column":1}},"line":1}},"f":{"0":0}}
,"/Users/bianhui/Documents/Code/super-pulgin/insta-claw-connector/logger.ts": {"path":"/Users/bianhui/Documents/Code/super-pulgin/insta-claw-connector/logger.ts","all":false,"statementMap":{"0":{"start":{"line":1,"column":0},"end":{"line":1,"column":3}},"13":{"start":{"line":14,"column":0},"end":{"line":14,"column":26}},"20":{"start":{"line":21,"column":0},"end":{"line":21,"column":14}},"21":{"start":{"line":22,"column":0},"end":{"line":22,"column":29}},"22":{"start":{"line":23,"column":0},"end":{"line":23,"column":51}},"23":{"start":{"line":24,"column":0},"end":{"line":24,"column":6}},"32":{"start":{"line":33,"column":0},"end":{"line":33,"column":47}},"33":{"start":{"line":34,"column":0},"end":{"line":34,"column":45}},"34":{"start":{"line":35,"column":0},"end":{"line":35,"column":72}},"35":{"start":{"line":36,"column":0},"end":{"line":36,"column":3}},"44":{"start":{"line":45,"column":0},"end":{"line":45,"column":48}},"45":{"start":{"line":46,"column":0},"end":{"line":46,"column":23}},"46":{"start":{"line":47,"column":0},"end":{"line":47,"column":47}},"47":{"start":{"line":48,"column":0},"end":{"line":48,"column":75}},"48":{"start":{"line":49,"column":0},"end":{"line":49,"column":5}},"49":{"start":{"line":50,"column":0},"end":{"line":50,"column":3}},"58":{"start":{"line":59,"column":0},"end":{"line":59,"column":47}},"59":{"start":{"line":60,"column":0},"end":{"line":60,"column":45}},"60":{"start":{"line":61,"column":0},"end":{"line":61,"column":73}},"61":{"start":{"line":62,"column":0},"end":{"line":62,"column":3}},"71":{"start":{"line":72,"column":0},"end":{"line":72,"column":63}},"72":{"start":{"line":73,"column":0},"end":{"line":73,"column":45}},"74":{"start":{"line":75,"column":0},"end":{"line":75,"column":16}},"75":{"start":{"line":76,"column":0},"end":{"line":76,"column":20}},"76":{"start":{"line":77,"column":0},"end":{"line":77,"column":46}},"77":{"start":{"line":78,"column":0},"end":{"line":78,"column":16}},"78":{"start":{"line":79,"column":0},"end":{"line":79,"column":19}},"79":{"start":{"line":80,"column":0},"end":{"line":80,"column":22}},"80":{"start":{"line":81,"column":0},"end":{"line":81,"column":19}},"81":{"start":{"line":82,"column":0},"end":{"line":82,"column":20}},"82":{"start":{"line":83,"column":0},"end":{"line":83,"column":15}},"83":{"start":{"line":84,"column":0},"end":{"line":84,"column":8}},"84":{"start":{"line":85,"column":0},"end":{"line":85,"column":12}},"85":{"start":{"line":86,"column":0},"end":{"line":86,"column":77}},"86":{"start":{"line":87,"column":0},"end":{"line":87,"column":5}},"87":{"start":{"line":88,"column":0},"end":{"line":88,"column":3}},"95":{"start":{"line":96,"column":0},"end":{"line":96,"column":37}},"96":{"start":{"line":97,"column":0},"end":{"line":97,"column":36}},"97":{"start":{"line":98,"column":0},"end":{"line":98,"column":3}},"98":{"start":{"line":99,"column":0},"end":{"line":99,"column":1}}},"s":{"0":1,"13":1,"20":1,"21":6,"22":6,"23":6,"32":1,"33":1,"34":1,"35":1,"44":1,"45":9,"46":9,"47":9,"48":9,"49":9,"58":1,"59":2,"60":2,"61":2,"71":1,"72":0,"74":0,"75":0,"76":0,"77":0,"78":0,"79":0,"80":0,"81":0,"82":0,"83":0,"84":0,"85":0,"86":0,"87":0,"95":1,"96":12,"97":12,"98":1},"branchMap":{"0":{"type":"branch","line":21,"loc":{"start":{"line":21,"column":2},"end":{"line":24,"column":6}},"locations":[{"start":{"line":21,"column":2},"end":{"line":24,"column":6}}]},"1":{"type":"branch","line":33,"loc":{"start":{"line":33,"column":2},"end":{"line":36,"column":3}},"locations":[{"start":{"line":33,"column":2},"end":{"line":36,"column":3}}]},"2":{"type":"branch","line":45,"loc":{"start":{"line":45,"column":2},"end":{"line":50,"column":3}},"locations":[{"start":{"line":45,"column":2},"end":{"line":50,"column":3}}]},"3":{"type":"branch","line":59,"loc":{"start":{"line":59,"column":2},"end":{"line":62,"column":3}},"locations":[{"start":{"line":59,"column":2},"end":{"line":62,"column":3}}]},"4":{"type":"branch","line":96,"loc":{"start":{"line":96,"column":10},"end":{"line":98,"column":3}},"locations":[{"start":{"line":96,"column":10},"end":{"line":98,"column":3}}]}},"b":{"0":[6],"1":[1],"2":[9],"3":[2],"4":[12]},"fnMap":{"0":{"name":"DebugLogger","decl":{"start":{"line":21,"column":2},"end":{"line":24,"column":6}},"loc":{"start":{"line":21,"column":2},"end":{"line":24,"column":6}},"line":21},"1":{"name":"info","decl":{"start":{"line":33,"column":2},"end":{"line":36,"column":3}},"loc":{"start":{"line":33,"column":2},"end":{"line":36,"column":3}},"line":33},"2":{"name":"debug","decl":{"start":{"line":45,"column":2},"end":{"line":50,"column":3}},"loc":{"start":{"line":45,"column":2},"end":{"line":50,"column":3}},"line":45},"3":{"name":"warn","decl":{"start":{"line":59,"column":2},"end":{"line":62,"column":3}},"loc":{"start":{"line":59,"column":2},"end":{"line":62,"column":3}},"line":59},"4":{"name":"error","decl":{"start":{"line":72,"column":2},"end":{"line":88,"column":3}},"loc":{"start":{"line":72,"column":2},"end":{"line":88,"column":3}},"line":72},"5":{"name":"formatTimestamp","decl":{"start":{"line":96,"column":10},"end":{"line":98,"column":3}},"loc":{"start":{"line":96,"column":10},"end":{"line":98,"column":3}},"line":96}},"f":{"0":6,"1":1,"2":9,"3":2,"4":0,"5":12}}
,"/Users/bianhui/Documents/Code/super-pulgin/insta-claw-connector/protocol.ts": {"path":"/Users/bianhui/Documents/Code/super-pulgin/insta-claw-connector/protocol.ts","all":false,"statementMap":{"0":{"start":{"line":1,"column":0},"end":{"line":1,"column":3}},"39":{"start":{"line":40,"column":0},"end":{"line":40,"column":71}},"40":{"start":{"line":41,"column":0},"end":{"line":41,"column":7}},"42":{"start":{"line":43,"column":0},"end":{"line":43,"column":65}},"45":{"start":{"line":46,"column":0},"end":{"line":46,"column":62}},"46":{"start":{"line":47,"column":0},"end":{"line":47,"column":73}},"47":{"start":{"line":48,"column":0},"end":{"line":48,"column":5}},"49":{"start":{"line":50,"column":0},"end":{"line":50,"column":62}},"50":{"start":{"line":51,"column":0},"end":{"line":51,"column":73}},"51":{"start":{"line":52,"column":0},"end":{"line":52,"column":5}},"53":{"start":{"line":54,"column":0},"end":{"line":54,"column":68}},"54":{"start":{"line":55,"column":0},"end":{"line":55,"column":76}},"55":{"start":{"line":56,"column":0},"end":{"line":56,"column":5}},"58":{"start":{"line":59,"column":0},"end":{"line":59,"column":66}},"61":{"start":{"line":62,"column":0},"end":{"line":62,"column":56}},"62":{"start":{"line":63,"column":0},"end":{"line":63,"column":70}},"63":{"start":{"line":64,"column":0},"end":{"line":64,"column":5}},"65":{"start":{"line":66,"column":0},"end":{"line":66,"column":64}},"66":{"start":{"line":67,"column":0},"end":{"line":67,"column":74}},"67":{"start":{"line":68,"column":0},"end":{"line":68,"column":5}},"69":{"start":{"line":70,"column":0},"end":{"line":70,"column":70}},"70":{"start":{"line":71,"column":0},"end":{"line":71,"column":77}},"71":{"start":{"line":72,"column":0},"end":{"line":72,"column":5}},"73":{"start":{"line":74,"column":0},"end":{"line":74,"column":17}},"74":{"start":{"line":75,"column":0},"end":{"line":75,"column":19}},"75":{"start":{"line":76,"column":0},"end":{"line":76,"column":39}},"76":{"start":{"line":77,"column":0},"end":{"line":77,"column":51}},"77":{"start":{"line":78,"column":0},"end":{"line":78,"column":85}},"78":{"start":{"line":79,"column":0},"end":{"line":79,"column":5}},"79":{"start":{"line":80,"column":0},"end":{"line":80,"column":16}},"80":{"start":{"line":81,"column":0},"end":{"line":81,"column":3}},"81":{"start":{"line":82,"column":0},"end":{"line":82,"column":1}},"94":{"start":{"line":95,"column":0},"end":{"line":95,"column":38}},"95":{"start":{"line":96,"column":0},"end":{"line":96,"column":31}},"96":{"start":{"line":97,"column":0},"end":{"line":97,"column":61}},"97":{"start":{"line":98,"column":0},"end":{"line":98,"column":38}},"98":{"start":{"line":99,"column":0},"end":{"line":99,"column":1}},"111":{"start":{"line":112,"column":0},"end":{"line":112,"column":67}},"112":{"start":{"line":113,"column":0},"end":{"line":113,"column":39}},"113":{"start":{"line":114,"column":0},"end":{"line":114,"column":20}},"114":{"start":{"line":115,"column":0},"end":{"line":115,"column":14}},"115":{"start":{"line":116,"column":0},"end":{"line":116,"column":37}},"116":{"start":{"line":117,"column":0},"end":{"line":117,"column":28}},"117":{"start":{"line":118,"column":0},"end":{"line":118,"column":6}},"118":{"start":{"line":119,"column":0},"end":{"line":119,"column":32}},"119":{"start":{"line":120,"column":0},"end":{"line":120,"column":4}},"121":{"start":{"line":122,"column":0},"end":{"line":122,"column":34}},"122":{"start":{"line":123,"column":0},"end":{"line":123,"column":1}},"135":{"start":{"line":136,"column":0},"end":{"line":136,"column":36}},"136":{"start":{"line":137,"column":0},"end":{"line":137,"column":31}},"137":{"start":{"line":138,"column":0},"end":{"line":138,"column":61}},"138":{"start":{"line":139,"column":0},"end":{"line":139,"column":38}},"139":{"start":{"line":140,"column":0},"end":{"line":140,"column":1}},"149":{"start":{"line":150,"column":0},"end":{"line":150,"column":84}},"150":{"start":{"line":151,"column":0},"end":{"line":151,"column":10}},"151":{"start":{"line":152,"column":0},"end":{"line":152,"column":33}},"152":{"start":{"line":153,"column":0},"end":{"line":153,"column":32}},"153":{"start":{"line":154,"column":0},"end":{"line":154,"column":28}},"154":{"start":{"line":155,"column":0},"end":{"line":155,"column":4}},"155":{"start":{"line":156,"column":0},"end":{"line":156,"column":1}},"166":{"start":{"line":167,"column":0},"end":{"line":167,"column":43}},"167":{"start":{"line":168,"column":0},"end":{"line":168,"column":21}},"168":{"start":{"line":169,"column":0},"end":{"line":169,"column":16}},"169":{"start":{"line":170,"column":0},"end":{"line":170,"column":25}},"170":{"start":{"line":171,"column":0},"end":{"line":171,"column":10}},"171":{"start":{"line":172,"column":0},"end":{"line":172,"column":39}},"172":{"start":{"line":173,"column":0},"end":{"line":173,"column":32}},"173":{"start":{"line":174,"column":0},"end":{"line":174,"column":28}},"174":{"start":{"line":175,"column":0},"end":{"line":175,"column":11}},"175":{"start":{"line":176,"column":0},"end":{"line":176,"column":17}},"176":{"start":{"line":177,"column":0},"end":{"line":177,"column":22}},"177":{"start":{"line":178,"column":0},"end":{"line":178,"column":44}},"178":{"start":{"line":179,"column":0},"end":{"line":179,"column":6}},"179":{"start":{"line":180,"column":0},"end":{"line":180,"column":4}},"180":{"start":{"line":181,"column":0},"end":{"line":181,"column":1}},"193":{"start":{"line":194,"column":0},"end":{"line":194,"column":43}},"194":{"start":{"line":195,"column":0},"end":{"line":195,"column":21}},"195":{"start":{"line":196,"column":0},"end":{"line":196,"column":17}},"196":{"start":{"line":197,"column":0},"end":{"line":197,"column":23}},"197":{"start":{"line":198,"column":0},"end":{"line":198,"column":14}},"198":{"start":{"line":199,"column":0},"end":{"line":199,"column":25}},"199":{"start":{"line":200,"column":0},"end":{"line":200,"column":10}},"200":{"start":{"line":201,"column":0},"end":{"line":201,"column":39}},"201":{"start":{"line":202,"column":0},"end":{"line":202,"column":32}},"202":{"start":{"line":203,"column":0},"end":{"line":203,"column":28}},"203":{"start":{"line":204,"column":0},"end":{"line":204,"column":20}},"204":{"start":{"line":205,"column":0},"end":{"line":205,"column":32}},"205":{"start":{"line":206,"column":0},"end":{"line":206,"column":20}},"206":{"start":{"line":207,"column":0},"end":{"line":207,"column":4}},"207":{"start":{"line":208,"column":0},"end":{"line":208,"column":1}},"217":{"start":{"line":218,"column":0},"end":{"line":218,"column":82}},"218":{"start":{"line":219,"column":0},"end":{"line":219,"column":10}},"219":{"start":{"line":220,"column":0},"end":{"line":220,"column":31}},"220":{"start":{"line":221,"column":0},"end":{"line":221,"column":32}},"221":{"start":{"line":222,"column":0},"end":{"line":222,"column":28}},"222":{"start":{"line":223,"column":0},"end":{"line":223,"column":4}},"223":{"start":{"line":224,"column":0},"end":{"line":224,"column":1}},"244":{"start":{"line":245,"column":0},"end":{"line":245,"column":94}},"245":{"start":{"line":246,"column":0},"end":{"line":246,"column":52}},"246":{"start":{"line":247,"column":0},"end":{"line":247,"column":38}},"248":{"start":{"line":249,"column":0},"end":{"line":249,"column":40}},"249":{"start":{"line":250,"column":0},"end":{"line":250,"column":34}},"250":{"start":{"line":251,"column":0},"end":{"line":251,"column":47}},"251":{"start":{"line":252,"column":0},"end":{"line":252,"column":4}},"254":{"start":{"line":255,"column":0},"end":{"line":255,"column":58}},"255":{"start":{"line":256,"column":0},"end":{"line":256,"column":57}},"256":{"start":{"line":257,"column":0},"end":{"line":257,"column":70}},"257":{"start":{"line":258,"column":0},"end":{"line":258,"column":3}},"259":{"start":{"line":260,"column":0},"end":{"line":260,"column":44}},"261":{"start":{"line":262,"column":0},"end":{"line":262,"column":16}},"262":{"start":{"line":263,"column":0},"end":{"line":263,"column":1}}},"s":{"0":1,"39":1,"40":9,"42":9,"45":9,"46":1,"47":1,"49":9,"50":1,"51":1,"53":9,"54":1,"55":1,"58":5,"61":9,"62":1,"63":1,"65":9,"66":1,"67":1,"69":9,"70":0,"71":0,"73":3,"74":9,"75":6,"76":1,"77":1,"78":1,"79":5,"80":5,"81":9,"94":6,"95":6,"96":6,"97":6,"98":6,"111":1,"112":6,"113":6,"114":6,"115":6,"116":6,"117":6,"118":6,"119":6,"121":6,"122":6,"135":32,"136":32,"137":32,"138":32,"139":32,"149":1,"150":9,"151":9,"152":9,"153":9,"154":9,"155":9,"166":1,"167":7,"168":7,"169":7,"170":7,"171":7,"172":7,"173":7,"174":7,"175":7,"176":7,"177":7,"178":7,"179":7,"180":7,"193":1,"194":9,"195":9,"196":9,"197":9,"198":9,"199":9,"200":9,"201":9,"202":9,"203":9,"204":9,"205":9,"206":9,"207":9,"217":1,"218":7,"219":7,"220":7,"221":7,"222":7,"223":7,"244":1,"245":6,"246":6,"248":6,"249":6,"250":6,"251":6,"254":6,"255":8,"256":8,"257":8,"259":6,"261":6,"262":6},"branchMap":{"0":{"type":"branch","line":40,"loc":{"start":{"line":40,"column":7},"end":{"line":82,"column":1}},"locations":[{"start":{"line":40,"column":7},"end":{"line":82,"column":1}}]},"1":{"type":"branch","line":46,"loc":{"start":{"line":46,"column":18},"end":{"line":46,"column":61}},"locations":[{"start":{"line":46,"column":18},"end":{"line":46,"column":61}}]},"2":{"type":"branch","line":46,"loc":{"start":{"line":46,"column":61},"end":{"line":48,"column":5}},"locations":[{"start":{"line":46,"column":61},"end":{"line":48,"column":5}}]},"3":{"type":"branch","line":48,"loc":{"start":{"line":48,"column":4},"end":{"line":50,"column":26}},"locations":[{"start":{"line":48,"column":4},"end":{"line":50,"column":26}}]},"4":{"type":"branch","line":50,"loc":{"start":{"line":50,"column":18},"end":{"line":50,"column":61}},"locations":[{"start":{"line":50,"column":18},"end":{"line":50,"column":61}}]},"5":{"type":"branch","line":50,"loc":{"start":{"line":50,"column":61},"end":{"line":52,"column":5}},"locations":[{"start":{"line":50,"column":61},"end":{"line":52,"column":5}}]},"6":{"type":"branch","line":52,"loc":{"start":{"line":52,"column":4},"end":{"line":54,"column":29}},"locations":[{"start":{"line":52,"column":4},"end":{"line":54,"column":29}}]},"7":{"type":"branch","line":54,"loc":{"start":{"line":54,"column":18},"end":{"line":54,"column":67}},"locations":[{"start":{"line":54,"column":18},"end":{"line":54,"column":67}}]},"8":{"type":"branch","line":54,"loc":{"start":{"line":54,"column":67},"end":{"line":56,"column":5}},"locations":[{"start":{"line":54,"column":67},"end":{"line":56,"column":5}}]},"9":{"type":"branch","line":56,"loc":{"start":{"line":56,"column":4},"end":{"line":62,"column":23}},"locations":[{"start":{"line":56,"column":4},"end":{"line":62,"column":23}}]},"10":{"type":"branch","line":62,"loc":{"start":{"line":62,"column":15},"end":{"line":62,"column":55}},"locations":[{"start":{"line":62,"column":15},"end":{"line":62,"column":55}}]},"11":{"type":"branch","line":62,"loc":{"start":{"line":62,"column":55},"end":{"line":64,"column":5}},"locations":[{"start":{"line":62,"column":55},"end":{"line":64,"column":5}}]},"12":{"type":"branch","line":64,"loc":{"start":{"line":64,"column":4},"end":{"line":66,"column":27}},"locations":[{"start":{"line":64,"column":4},"end":{"line":66,"column":27}}]},"13":{"type":"branch","line":66,"loc":{"start":{"line":66,"column":15},"end":{"line":66,"column":63}},"locations":[{"start":{"line":66,"column":15},"end":{"line":66,"column":63}}]},"14":{"type":"branch","line":66,"loc":{"start":{"line":66,"column":63},"end":{"line":68,"column":5}},"locations":[{"start":{"line":66,"column":63},"end":{"line":68,"column":5}}]},"15":{"type":"branch","line":68,"loc":{"start":{"line":68,"column":4},"end":{"line":70,"column":69}},"locations":[{"start":{"line":68,"column":4},"end":{"line":70,"column":69}}]},"16":{"type":"branch","line":70,"loc":{"start":{"line":70,"column":69},"end":{"line":72,"column":5}},"locations":[{"start":{"line":70,"column":69},"end":{"line":72,"column":5}}]},"17":{"type":"branch","line":72,"loc":{"start":{"line":72,"column":4},"end":{"line":75,"column":11}},"locations":[{"start":{"line":72,"column":4},"end":{"line":75,"column":11}}]},"18":{"type":"branch","line":75,"loc":{"start":{"line":75,"column":2},"end":{"line":81,"column":3}},"locations":[{"start":{"line":75,"column":2},"end":{"line":81,"column":3}}]},"19":{"type":"branch","line":76,"loc":{"start":{"line":76,"column":38},"end":{"line":79,"column":5}},"locations":[{"start":{"line":76,"column":38},"end":{"line":79,"column":5}}]},"20":{"type":"branch","line":79,"loc":{"start":{"line":79,"column":4},"end":{"line":81,"column":3}},"locations":[{"start":{"line":79,"column":4},"end":{"line":81,"column":3}}]},"21":{"type":"branch","line":95,"loc":{"start":{"line":95,"column":0},"end":{"line":99,"column":1}},"locations":[{"start":{"line":95,"column":0},"end":{"line":99,"column":1}}]},"22":{"type":"branch","line":112,"loc":{"start":{"line":112,"column":7},"end":{"line":123,"column":1}},"locations":[{"start":{"line":112,"column":7},"end":{"line":123,"column":1}}]},"23":{"type":"branch","line":136,"loc":{"start":{"line":136,"column":0},"end":{"line":140,"column":1}},"locations":[{"start":{"line":136,"column":0},"end":{"line":140,"column":1}}]},"24":{"type":"branch","line":150,"loc":{"start":{"line":150,"column":7},"end":{"line":156,"column":1}},"locations":[{"start":{"line":150,"column":7},"end":{"line":156,"column":1}}]},"25":{"type":"branch","line":167,"loc":{"start":{"line":167,"column":7},"end":{"line":181,"column":1}},"locations":[{"start":{"line":167,"column":7},"end":{"line":181,"column":1}}]},"26":{"type":"branch","line":194,"loc":{"start":{"line":194,"column":7},"end":{"line":208,"column":1}},"locations":[{"start":{"line":194,"column":7},"end":{"line":208,"column":1}}]},"27":{"type":"branch","line":218,"loc":{"start":{"line":218,"column":7},"end":{"line":224,"column":1}},"locations":[{"start":{"line":218,"column":7},"end":{"line":224,"column":1}}]},"28":{"type":"branch","line":245,"loc":{"start":{"line":245,"column":7},"end":{"line":263,"column":1}},"locations":[{"start":{"line":245,"column":7},"end":{"line":263,"column":1}}]},"29":{"type":"branch","line":246,"loc":{"start":{"line":246,"column":17},"end":{"line":246,"column":52}},"locations":[{"start":{"line":246,"column":17},"end":{"line":246,"column":52}}]},"30":{"type":"branch","line":255,"loc":{"start":{"line":255,"column":57},"end":{"line":258,"column":3}},"locations":[{"start":{"line":255,"column":57},"end":{"line":258,"column":3}}]}},"b":{"0":[9],"1":[7],"2":[1],"3":[7],"4":[6],"5":[1],"6":[6],"7":[5],"8":[1],"9":[5],"10":[4],"11":[1],"12":[4],"13":[3],"14":[1],"15":[3],"16":[0],"17":[3],"18":[6],"19":[1],"20":[5],"21":[6],"22":[6],"23":[32],"24":[9],"25":[7],"26":[9],"27":[7],"28":[6],"29":[5],"30":[8]},"fnMap":{"0":{"name":"parseEnvelope","decl":{"start":{"line":40,"column":7},"end":{"line":82,"column":1}},"loc":{"start":{"line":40,"column":7},"end":{"line":82,"column":1}},"line":40},"1":{"name":"generateMessageId","decl":{"start":{"line":95,"column":0},"end":{"line":99,"column":1}},"loc":{"start":{"line":95,"column":0},"end":{"line":99,"column":1}},"line":95},"2":{"name":"createEnvelope","decl":{"start":{"line":112,"column":7},"end":{"line":123,"column":1}},"loc":{"start":{"line":112,"column":7},"end":{"line":123,"column":1}},"line":112},"3":{"name":"generateEventId","decl":{"start":{"line":136,"column":0},"end":{"line":140,"column":1}},"loc":{"start":{"line":136,"column":0},"end":{"line":140,"column":1}},"line":136},"4":{"name":"createInProgressEvent","decl":{"start":{"line":150,"column":7},"end":{"line":156,"column":1}},"loc":{"start":{"line":150,"column":7},"end":{"line":156,"column":1}},"line":150},"5":{"name":"createOutputItemAddedEvent","decl":{"start":{"line":167,"column":7},"end":{"line":181,"column":1}},"loc":{"start":{"line":167,"column":7},"end":{"line":181,"column":1}},"line":167},"6":{"name":"createOutputTextDeltaEvent","decl":{"start":{"line":194,"column":7},"end":{"line":208,"column":1}},"loc":{"start":{"line":194,"column":7},"end":{"line":208,"column":1}},"line":194},"7":{"name":"createCompletedEvent","decl":{"start":{"line":218,"column":7},"end":{"line":224,"column":1}},"loc":{"start":{"line":218,"column":7},"end":{"line":224,"column":1}},"line":218},"8":{"name":"textToEventSequence","decl":{"start":{"line":245,"column":7},"end":{"line":263,"column":1}},"loc":{"start":{"line":245,"column":7},"end":{"line":263,"column":1}},"line":245}},"f":{"0":9,"1":6,"2":6,"3":32,"4":9,"5":7,"6":9,"7":7,"8":6}}
,"/Users/bianhui/Documents/Code/super-pulgin/insta-claw-connector/types.ts": {"path":"/Users/bianhui/Documents/Code/super-pulgin/insta-claw-connector/types.ts","all":true,"statementMap":{"0":{"start":{"line":1,"column":0},"end":{"line":1,"column":3}}},"s":{"0":0},"branchMap":{"0":{"type":"branch","line":1,"loc":{"start":{"line":1,"column":5612},"end":{"line":219,"column":1}},"locations":[{"start":{"line":1,"column":5612},"end":{"line":219,"column":1}}]}},"b":{"0":[0]},"fnMap":{"0":{"name":"(empty-report)","decl":{"start":{"line":1,"column":5612},"end":{"line":219,"column":1}},"loc":{"start":{"line":1,"column":5612},"end":{"line":219,"column":1}},"line":1}},"f":{"0":0}}
}
